#-----------------------------------------------------------
# Vivado v2024.2 (64-bit)
# SW Build 5239630 on Fri Nov 08 22:35:27 MST 2024
# IP Build 5239520 on Sun Nov 10 16:12:51 MST 2024
# SharedData Build 5239561 on Fri Nov 08 14:39:27 MST 2024
# Start of session at: Fri Feb  6 20:08:13 2026
# Process ID         : 45132
# Current directory  : C:/Users/C28Noah.Marino/Documents/ECE/ece281-ice3
# Command line       : vivado.exe -gui_launcher_event rodinguilauncherevent21668 C:\Users\C28Noah.Marino\Documents\ECE\ece281-ice3\ripple_adder.xpr
# Log file           : C:/Users/C28Noah.Marino/Documents/ECE/ece281-ice3/vivado.log
# Journal file       : C:/Users/C28Noah.Marino/Documents/ECE/ece281-ice3\vivado.jou
# Running On         : C28-2TK416017C
# Platform           : Windows Server 2016 or Windows 10
# Operating System   : 22631
# Processor Detail   : AMD Ryzen 7 PRO 7840U w/ Radeon 780M Graphics  
# CPU Frequency      : 3294 MHz
# CPU Physical cores : 8
# CPU Logical cores  : 16
# Host memory        : 33585 MB
# Swap memory        : 6174 MB
# Total Virtual      : 39759 MB
# Available Virtual  : 8922 MB
#-----------------------------------------------------------
start_gui
open_project C:/Users/C28Noah.Marino/Documents/ECE/ece281-ice3/ripple_adder.xpr
INFO: [filemgmt 56-3] Default IP Output Path : Could not find the directory 'C:/Users/C28Noah.Marino/Documents/ECE/ece281-ice3/ripple_adder.gen/sources_1'.
Scanning sources...
Finished scanning sources
INFO: [IP_Flow 19-234] Refreshing IP repositories
INFO: [IP_Flow 19-1704] No user IP repositories specified
INFO: [IP_Flow 19-2313] Loaded Vivado IP repository 'C:/Xilinx/Vivado/2024.2/data/ip'.
update_compile_order -fileset sources_1
launch_simulation
Command: launch_simulation 
INFO: [Vivado 12-12493] Simulation top is 'ripple_adder_tb'
WARNING: [Vivado 12-13340] Unable to auto find GCC executables from simulator install path! (path not set)
INFO: [Vivado 12-5682] Launching behavioral simulation in 'C:/Users/C28Noah.Marino/Documents/ECE/ece281-ice3/ripple_adder.sim/sim_1/behav/xsim'
INFO: [SIM-utils-51] Simulation object is 'sim_1'
INFO: [SIM-utils-72] Using boost library from 'C:/Xilinx/Vivado/2024.2/tps/boost_1_72_0'
INFO: [SIM-utils-54] Inspecting design source files for 'ripple_adder_tb' in fileset 'sim_1'...
INFO: [USF-XSim-97] Finding global include files...
INFO: [USF-XSim-98] Fetching design files from 'sim_1'...
INFO: [USF-XSim-2] XSim::Compile design
INFO: [USF-XSim-61] Executing 'COMPILE and ANALYZE' step in 'C:/Users/C28Noah.Marino/Documents/ECE/ece281-ice3/ripple_adder.sim/sim_1/behav/xsim'
"xvhdl --incr --relax -prj ripple_adder_tb_vhdl.prj"
INFO: [USF-XSim-69] 'compile' step finished in '3' seconds
INFO: [USF-XSim-3] XSim::Elaborate design
INFO: [USF-XSim-61] Executing 'ELABORATE' step in 'C:/Users/C28Noah.Marino/Documents/ECE/ece281-ice3/ripple_adder.sim/sim_1/behav/xsim'
"xelab --incr --debug typical --relax --mt 2 -L xil_defaultlib -L secureip --snapshot ripple_adder_tb_behav xil_defaultlib.ripple_adder_tb -log elaborate.log"
Vivado Simulator v2024.2.0
Copyright 1986-2022 Xilinx, Inc. All Rights Reserved.
Copyright 2022-2024 Advanced Micro Devices, Inc. All Rights Reserved.
Running: C:/Xilinx/Vivado/2024.2/bin/unwrapped/win64.o/xelab.exe --incr --debug typical --relax --mt 2 -L xil_defaultlib -L secureip --snapshot ripple_adder_tb_behav xil_defaultlib.ripple_adder_tb -log elaborate.log 
Using 2 slave threads.
Starting static elaboration
Completed static elaboration
Starting simulation data flow analysis
Completed simulation data flow analysis
Time Resolution for simulation is 1ps
Compiling package std.standard
Compiling package std.textio
Compiling package ieee.std_logic_1164
Compiling package ieee.numeric_std
Compiling architecture behavioral of entity xil_defaultlib.full_adder [full_adder_default]
Compiling architecture behavioral of entity xil_defaultlib.ripple_adder [ripple_adder_default]
Compiling architecture test_bench of entity xil_defaultlib.ripple_adder_tb
Built simulation snapshot ripple_adder_tb_behav
run_program: Time (s): cpu = 00:00:00 ; elapsed = 00:00:06 . Memory (MB): peak = 1102.434 ; gain = 0.000
INFO: [USF-XSim-69] 'elaborate' step finished in '7' seconds
INFO: [USF-XSim-4] XSim::Simulate design
INFO: [USF-XSim-61] Executing 'SIMULATE' step in 'C:/Users/C28Noah.Marino/Documents/ECE/ece281-ice3/ripple_adder.sim/sim_1/behav/xsim'
INFO: [USF-XSim-98] *** Running xsim
   with args "ripple_adder_tb_behav -key {Behavioral:sim_1:Functional:ripple_adder_tb} -tclbatch {ripple_adder_tb.tcl} -log {simulate.log}"
INFO: [USF-XSim-8] Loading simulator feature
Time resolution is 1 ps
source ripple_adder_tb.tcl
# set curr_wave [current_wave_config]
# if { [string length $curr_wave] == 0 } {
#   if { [llength [get_objects]] > 0} {
#     add_wave /
#     set_property needs_save false [current_wave_config]
#   } else {
#      send_msg_id Add_Wave-1 WARNING "No top level signals found. Simulator will start without a wave window. If you want to open a wave window go to 'File->New Waveform Configuration' or type 'create_wave_config' in the TCL console."
#   }
# }
# run 80ns
Failure: bad with zeros
Time: 10 ns  Iteration: 0  Process: /ripple_adder_tb/test_process  File: C:/Users/C28Noah.Marino/Documents/ECE/ece281-ice3/src/ripple_adder_tb.vhd
$finish called at time : 10 ns : File "C:/Users/C28Noah.Marino/Documents/ECE/ece281-ice3/src/ripple_adder_tb.vhd" Line 47
INFO: [USF-XSim-96] XSim completed. Design snapshot 'ripple_adder_tb_behav' loaded.
INFO: [USF-XSim-97] XSim simulation ran for 80ns
launch_simulation: Time (s): cpu = 00:00:01 ; elapsed = 00:00:14 . Memory (MB): peak = 1134.230 ; gain = 31.797
add_bp {C:/Users/C28Noah.Marino/Documents/ECE/ece281-ice3/src/ripple_adder_tb.vhd} 47
remove_bps -file {C:/Users/C28Noah.Marino/Documents/ECE/ece281-ice3/src/ripple_adder_tb.vhd} -line 47
close_sim
WARNING: [filemgmt 56-199] Attempt to get parsing info during refresh. "On-the-fly" syntax checking information may be incorrect. [C:\Users\C28Noah.Marino\Documents\ECE\ece281-ice3\src\ripple_adder.vhd:]
WARNING: [filemgmt 56-199] Attempt to get parsing info during refresh. "On-the-fly" syntax checking information may be incorrect. [C:\Users\C28Noah.Marino\Documents\ECE\ece281-ice3\src\ripple_adder_tb.vhd:]
WARNING: [filemgmt 56-199] Attempt to get parsing info during refresh. "On-the-fly" syntax checking information may be incorrect. [C:\Users\C28Noah.Marino\Documents\ECE\ece281-ice3\src\ripple_adder.vhd:]
WARNING: [filemgmt 56-199] Attempt to get parsing info during refresh. "On-the-fly" syntax checking information may be incorrect. [C:\Users\C28Noah.Marino\Documents\ECE\ece281-ice3\src\ripple_adder.vhd:]
INFO: [Simtcl 6-16] Simulation closed
ERROR: [Common 17-180] Spawn failed: No error
launch_simulation
Command: launch_simulation 
INFO: [Vivado 12-12493] Simulation top is 'ripple_adder_tb'
WARNING: [Vivado 12-13340] Unable to auto find GCC executables from simulator install path! (path not set)
INFO: [Vivado 12-5682] Launching behavioral simulation in 'C:/Users/C28Noah.Marino/Documents/ECE/ece281-ice3/ripple_adder.sim/sim_1/behav/xsim'
INFO: [SIM-utils-51] Simulation object is 'sim_1'
INFO: [SIM-utils-72] Using boost library from 'C:/Xilinx/Vivado/2024.2/tps/boost_1_72_0'
INFO: [SIM-utils-54] Inspecting design source files for 'ripple_adder_tb' in fileset 'sim_1'...
INFO: [USF-XSim-97] Finding global include files...
INFO: [USF-XSim-98] Fetching design files from 'sim_1'...
INFO: [USF-XSim-2] XSim::Compile design
INFO: [USF-XSim-61] Executing 'COMPILE and ANALYZE' step in 'C:/Users/C28Noah.Marino/Documents/ECE/ece281-ice3/ripple_adder.sim/sim_1/behav/xsim'
"xvhdl --incr --relax -prj ripple_adder_tb_vhdl.prj"
INFO: [VRFC 10-163] Analyzing VHDL file "C:/Users/C28Noah.Marino/Documents/ECE/ece281-ice3/src/ripple_adder.vhd" into library xil_defaultlib
INFO: [VRFC 10-3107] analyzing entity 'ripple_adder'
INFO: [USF-XSim-69] 'compile' step finished in '3' seconds
INFO: [USF-XSim-3] XSim::Elaborate design
INFO: [USF-XSim-61] Executing 'ELABORATE' step in 'C:/Users/C28Noah.Marino/Documents/ECE/ece281-ice3/ripple_adder.sim/sim_1/behav/xsim'
"xelab --incr --debug typical --relax --mt 2 -L xil_defaultlib -L secureip --snapshot ripple_adder_tb_behav xil_defaultlib.ripple_adder_tb -log elaborate.log"
Vivado Simulator v2024.2.0
Copyright 1986-2022 Xilinx, Inc. All Rights Reserved.
Copyright 2022-2024 Advanced Micro Devices, Inc. All Rights Reserved.
Running: C:/Xilinx/Vivado/2024.2/bin/unwrapped/win64.o/xelab.exe --incr --debug typical --relax --mt 2 -L xil_defaultlib -L secureip --snapshot ripple_adder_tb_behav xil_defaultlib.ripple_adder_tb -log elaborate.log 
Using 2 slave threads.
Starting static elaboration
Completed static elaboration
Starting simulation data flow analysis
Completed simulation data flow analysis
Time Resolution for simulation is 1ps
Compiling package std.standard
Compiling package std.textio
Compiling package ieee.std_logic_1164
Compiling package ieee.numeric_std
Compiling architecture behavioral of entity xil_defaultlib.full_adder [full_adder_default]
Compiling architecture behavioral of entity xil_defaultlib.ripple_adder [ripple_adder_default]
Compiling architecture test_bench of entity xil_defaultlib.ripple_adder_tb
Built simulation snapshot ripple_adder_tb_behav
INFO: [USF-XSim-69] 'elaborate' step finished in '3' seconds
INFO: [USF-XSim-4] XSim::Simulate design
INFO: [USF-XSim-61] Executing 'SIMULATE' step in 'C:/Users/C28Noah.Marino/Documents/ECE/ece281-ice3/ripple_adder.sim/sim_1/behav/xsim'
INFO: [USF-XSim-98] *** Running xsim
   with args "ripple_adder_tb_behav -key {Behavioral:sim_1:Functional:ripple_adder_tb} -tclbatch {ripple_adder_tb.tcl} -log {simulate.log}"
INFO: [USF-XSim-8] Loading simulator feature
Time resolution is 1 ps
source ripple_adder_tb.tcl
# set curr_wave [current_wave_config]
# if { [string length $curr_wave] == 0 } {
#   if { [llength [get_objects]] > 0} {
#     add_wave /
#     set_property needs_save false [current_wave_config]
#   } else {
#      send_msg_id Add_Wave-1 WARNING "No top level signals found. Simulator will start without a wave window. If you want to open a wave window go to 'File->New Waveform Configuration' or type 'create_wave_config' in the TCL console."
#   }
# }
# run 80ns
INFO: [USF-XSim-96] XSim completed. Design snapshot 'ripple_adder_tb_behav' loaded.
INFO: [USF-XSim-97] XSim simulation ran for 80ns
launch_simulation: Time (s): cpu = 00:00:00 ; elapsed = 00:00:09 . Memory (MB): peak = 1140.945 ; gain = 0.000
close_sim
WARNING: [filemgmt 56-199] Attempt to get parsing info during refresh. "On-the-fly" syntax checking information may be incorrect. [C:\Users\C28Noah.Marino\Documents\ECE\ece281-ice3\src\ripple_adder.vhd:]
WARNING: [filemgmt 56-199] Attempt to get parsing info during refresh. "On-the-fly" syntax checking information may be incorrect. [C:\Users\C28Noah.Marino\Documents\ECE\ece281-ice3\src\ripple_adder_tb.vhd:]
WARNING: [filemgmt 56-199] Attempt to get parsing info during refresh. "On-the-fly" syntax checking information may be incorrect. [C:\Users\C28Noah.Marino\Documents\ECE\ece281-ice3\src\ripple_adder.vhd:]
WARNING: [filemgmt 56-199] Attempt to get parsing info during refresh. "On-the-fly" syntax checking information may be incorrect. [C:\Users\C28Noah.Marino\Documents\ECE\ece281-ice3\src\ripple_adder.vhd:]
INFO: [Simtcl 6-16] Simulation closed
ERROR: [Common 17-180] Spawn failed: No error
launch_simulation
Command: launch_simulation 
INFO: [Vivado 12-12493] Simulation top is 'ripple_adder_tb'
WARNING: [Vivado 12-13340] Unable to auto find GCC executables from simulator install path! (path not set)
INFO: [Vivado 12-5682] Launching behavioral simulation in 'C:/Users/C28Noah.Marino/Documents/ECE/ece281-ice3/ripple_adder.sim/sim_1/behav/xsim'
INFO: [SIM-utils-51] Simulation object is 'sim_1'
INFO: [SIM-utils-72] Using boost library from 'C:/Xilinx/Vivado/2024.2/tps/boost_1_72_0'
INFO: [SIM-utils-54] Inspecting design source files for 'ripple_adder_tb' in fileset 'sim_1'...
INFO: [USF-XSim-97] Finding global include files...
INFO: [USF-XSim-98] Fetching design files from 'sim_1'...
INFO: [USF-XSim-2] XSim::Compile design
INFO: [USF-XSim-61] Executing 'COMPILE and ANALYZE' step in 'C:/Users/C28Noah.Marino/Documents/ECE/ece281-ice3/ripple_adder.sim/sim_1/behav/xsim'
"xvhdl --incr --relax -prj ripple_adder_tb_vhdl.prj"
INFO: [VRFC 10-163] Analyzing VHDL file "C:/Users/C28Noah.Marino/Documents/ECE/ece281-ice3/src/ripple_adder_tb.vhd" into library xil_defaultlib
INFO: [VRFC 10-3107] analyzing entity 'ripple_adder_tb'
INFO: [USF-XSim-69] 'compile' step finished in '3' seconds
INFO: [USF-XSim-3] XSim::Elaborate design
INFO: [USF-XSim-61] Executing 'ELABORATE' step in 'C:/Users/C28Noah.Marino/Documents/ECE/ece281-ice3/ripple_adder.sim/sim_1/behav/xsim'
"xelab --incr --debug typical --relax --mt 2 -L xil_defaultlib -L secureip --snapshot ripple_adder_tb_behav xil_defaultlib.ripple_adder_tb -log elaborate.log"
Vivado Simulator v2024.2.0
Copyright 1986-2022 Xilinx, Inc. All Rights Reserved.
Copyright 2022-2024 Advanced Micro Devices, Inc. All Rights Reserved.
Running: C:/Xilinx/Vivado/2024.2/bin/unwrapped/win64.o/xelab.exe --incr --debug typical --relax --mt 2 -L xil_defaultlib -L secureip --snapshot ripple_adder_tb_behav xil_defaultlib.ripple_adder_tb -log elaborate.log 
Using 2 slave threads.
Starting static elaboration
Completed static elaboration
Starting simulation data flow analysis
Completed simulation data flow analysis
Time Resolution for simulation is 1ps
Compiling package std.standard
Compiling package std.textio
Compiling package ieee.std_logic_1164
Compiling package ieee.numeric_std
Compiling architecture behavioral of entity xil_defaultlib.full_adder [full_adder_default]
Compiling architecture behavioral of entity xil_defaultlib.ripple_adder [ripple_adder_default]
Compiling architecture test_bench of entity xil_defaultlib.ripple_adder_tb
Built simulation snapshot ripple_adder_tb_behav
INFO: [USF-XSim-69] 'elaborate' step finished in '3' seconds
INFO: [USF-XSim-4] XSim::Simulate design
INFO: [USF-XSim-61] Executing 'SIMULATE' step in 'C:/Users/C28Noah.Marino/Documents/ECE/ece281-ice3/ripple_adder.sim/sim_1/behav/xsim'
INFO: [USF-XSim-98] *** Running xsim
   with args "ripple_adder_tb_behav -key {Behavioral:sim_1:Functional:ripple_adder_tb} -tclbatch {ripple_adder_tb.tcl} -log {simulate.log}"
INFO: [USF-XSim-8] Loading simulator feature
Time resolution is 1 ps
source ripple_adder_tb.tcl
# set curr_wave [current_wave_config]
# if { [string length $curr_wave] == 0 } {
#   if { [llength [get_objects]] > 0} {
#     add_wave /
#     set_property needs_save false [current_wave_config]
#   } else {
#      send_msg_id Add_Wave-1 WARNING "No top level signals found. Simulator will start without a wave window. If you want to open a wave window go to 'File->New Waveform Configuration' or type 'create_wave_config' in the TCL console."
#   }
# }
# run 80ns
INFO: [USF-XSim-96] XSim completed. Design snapshot 'ripple_adder_tb_behav' loaded.
INFO: [USF-XSim-97] XSim simulation ran for 80ns
launch_simulation: Time (s): cpu = 00:00:00 ; elapsed = 00:00:08 . Memory (MB): peak = 1140.945 ; gain = 0.000
close_sim
WARNING: [filemgmt 56-199] Attempt to get parsing info during refresh. "On-the-fly" syntax checking information may be incorrect. [C:\Users\C28Noah.Marino\Documents\ECE\ece281-ice3\src\ripple_adder.vhd:]
WARNING: [filemgmt 56-199] Attempt to get parsing info during refresh. "On-the-fly" syntax checking information may be incorrect. [C:\Users\C28Noah.Marino\Documents\ECE\ece281-ice3\src\ripple_adder_tb.vhd:]
WARNING: [filemgmt 56-199] Attempt to get parsing info during refresh. "On-the-fly" syntax checking information may be incorrect. [C:\Users\C28Noah.Marino\Documents\ECE\ece281-ice3\src\ripple_adder.vhd:]
WARNING: [filemgmt 56-199] Attempt to get parsing info during refresh. "On-the-fly" syntax checking information may be incorrect. [C:\Users\C28Noah.Marino\Documents\ECE\ece281-ice3\src\ripple_adder.vhd:]
INFO: [Simtcl 6-16] Simulation closed
ERROR: [Common 17-180] Spawn failed: No error
launch_simulation
Command: launch_simulation 
INFO: [Vivado 12-12493] Simulation top is 'ripple_adder_tb'
WARNING: [Vivado 12-13340] Unable to auto find GCC executables from simulator install path! (path not set)
INFO: [Vivado 12-5682] Launching behavioral simulation in 'C:/Users/C28Noah.Marino/Documents/ECE/ece281-ice3/ripple_adder.sim/sim_1/behav/xsim'
INFO: [SIM-utils-51] Simulation object is 'sim_1'
INFO: [SIM-utils-72] Using boost library from 'C:/Xilinx/Vivado/2024.2/tps/boost_1_72_0'
INFO: [SIM-utils-54] Inspecting design source files for 'ripple_adder_tb' in fileset 'sim_1'...
INFO: [USF-XSim-97] Finding global include files...
INFO: [USF-XSim-98] Fetching design files from 'sim_1'...
INFO: [USF-XSim-2] XSim::Compile design
INFO: [USF-XSim-61] Executing 'COMPILE and ANALYZE' step in 'C:/Users/C28Noah.Marino/Documents/ECE/ece281-ice3/ripple_adder.sim/sim_1/behav/xsim'
"xvhdl --incr --relax -prj ripple_adder_tb_vhdl.prj"
INFO: [VRFC 10-163] Analyzing VHDL file "C:/Users/C28Noah.Marino/Documents/ECE/ece281-ice3/src/ripple_adder_tb.vhd" into library xil_defaultlib
INFO: [VRFC 10-3107] analyzing entity 'ripple_adder_tb'
INFO: [USF-XSim-69] 'compile' step finished in '2' seconds
INFO: [USF-XSim-3] XSim::Elaborate design
INFO: [USF-XSim-61] Executing 'ELABORATE' step in 'C:/Users/C28Noah.Marino/Documents/ECE/ece281-ice3/ripple_adder.sim/sim_1/behav/xsim'
"xelab --incr --debug typical --relax --mt 2 -L xil_defaultlib -L secureip --snapshot ripple_adder_tb_behav xil_defaultlib.ripple_adder_tb -log elaborate.log"
Vivado Simulator v2024.2.0
Copyright 1986-2022 Xilinx, Inc. All Rights Reserved.
Copyright 2022-2024 Advanced Micro Devices, Inc. All Rights Reserved.
Running: C:/Xilinx/Vivado/2024.2/bin/unwrapped/win64.o/xelab.exe --incr --debug typical --relax --mt 2 -L xil_defaultlib -L secureip --snapshot ripple_adder_tb_behav xil_defaultlib.ripple_adder_tb -log elaborate.log 
Using 2 slave threads.
Starting static elaboration
ERROR: [VRFC 10-666] expression has 4 elements; expected 8 [C:/Users/C28Noah.Marino/Documents/ECE/ece281-ice3/src/ripple_adder_tb.vhd:55]
ERROR: [XSIM 43-3321] Static elaboration of top level VHDL design unit ripple_adder_tb in library work failed.
INFO: [USF-XSim-69] 'elaborate' step finished in '2' seconds
INFO: [USF-XSim-99] Step results log file:'C:/Users/C28Noah.Marino/Documents/ECE/ece281-ice3/ripple_adder.sim/sim_1/behav/xsim/elaborate.log'
ERROR: [USF-XSim-62] 'elaborate' step failed with error(s). Please check the Tcl console output or 'C:/Users/C28Noah.Marino/Documents/ECE/ece281-ice3/ripple_adder.sim/sim_1/behav/xsim/elaborate.log' file for more information.
ERROR: [Vivado 12-4473] Detected error while running simulation. Please correct the issue and retry this operation.
launch_simulation: Time (s): cpu = 00:00:00 ; elapsed = 00:00:06 . Memory (MB): peak = 1140.945 ; gain = 0.000
ERROR: [Common 17-39] 'launch_simulation' failed due to earlier errors.
launch_simulation
Command: launch_simulation 
INFO: [Vivado 12-12493] Simulation top is 'ripple_adder_tb'
WARNING: [Vivado 12-13340] Unable to auto find GCC executables from simulator install path! (path not set)
INFO: [Vivado 12-5682] Launching behavioral simulation in 'C:/Users/C28Noah.Marino/Documents/ECE/ece281-ice3/ripple_adder.sim/sim_1/behav/xsim'
INFO: [SIM-utils-51] Simulation object is 'sim_1'
INFO: [SIM-utils-72] Using boost library from 'C:/Xilinx/Vivado/2024.2/tps/boost_1_72_0'
INFO: [SIM-utils-54] Inspecting design source files for 'ripple_adder_tb' in fileset 'sim_1'...
INFO: [USF-XSim-97] Finding global include files...
INFO: [USF-XSim-98] Fetching design files from 'sim_1'...
INFO: [USF-XSim-2] XSim::Compile design
INFO: [USF-XSim-61] Executing 'COMPILE and ANALYZE' step in 'C:/Users/C28Noah.Marino/Documents/ECE/ece281-ice3/ripple_adder.sim/sim_1/behav/xsim'
"xvhdl --incr --relax -prj ripple_adder_tb_vhdl.prj"
INFO: [USF-XSim-69] 'compile' step finished in '2' seconds
INFO: [USF-XSim-3] XSim::Elaborate design
INFO: [USF-XSim-61] Executing 'ELABORATE' step in 'C:/Users/C28Noah.Marino/Documents/ECE/ece281-ice3/ripple_adder.sim/sim_1/behav/xsim'
"xelab --incr --debug typical --relax --mt 2 -L xil_defaultlib -L secureip --snapshot ripple_adder_tb_behav xil_defaultlib.ripple_adder_tb -log elaborate.log"
Vivado Simulator v2024.2.0
Copyright 1986-2022 Xilinx, Inc. All Rights Reserved.
Copyright 2022-2024 Advanced Micro Devices, Inc. All Rights Reserved.
Running: C:/Xilinx/Vivado/2024.2/bin/unwrapped/win64.o/xelab.exe --incr --debug typical --relax --mt 2 -L xil_defaultlib -L secureip --snapshot ripple_adder_tb_behav xil_defaultlib.ripple_adder_tb -log elaborate.log 
Using 2 slave threads.
Starting static elaboration
ERROR: [VRFC 10-666] expression has 4 elements; expected 8 [C:/Users/C28Noah.Marino/Documents/ECE/ece281-ice3/src/ripple_adder_tb.vhd:55]
ERROR: [XSIM 43-3321] Static elaboration of top level VHDL design unit ripple_adder_tb in library work failed.
INFO: [USF-XSim-69] 'elaborate' step finished in '3' seconds
INFO: [USF-XSim-99] Step results log file:'C:/Users/C28Noah.Marino/Documents/ECE/ece281-ice3/ripple_adder.sim/sim_1/behav/xsim/elaborate.log'
ERROR: [USF-XSim-62] 'elaborate' step failed with error(s). Please check the Tcl console output or 'C:/Users/C28Noah.Marino/Documents/ECE/ece281-ice3/ripple_adder.sim/sim_1/behav/xsim/elaborate.log' file for more information.
ERROR: [Vivado 12-4473] Detected error while running simulation. Please correct the issue and retry this operation.
launch_simulation: Time (s): cpu = 00:00:00 ; elapsed = 00:00:05 . Memory (MB): peak = 1141.176 ; gain = 0.000
ERROR: [Common 17-39] 'launch_simulation' failed due to earlier errors.
launch_simulation
Command: launch_simulation 
INFO: [Vivado 12-12493] Simulation top is 'ripple_adder_tb'
WARNING: [Vivado 12-13340] Unable to auto find GCC executables from simulator install path! (path not set)
INFO: [Vivado 12-5682] Launching behavioral simulation in 'C:/Users/C28Noah.Marino/Documents/ECE/ece281-ice3/ripple_adder.sim/sim_1/behav/xsim'
INFO: [SIM-utils-51] Simulation object is 'sim_1'
INFO: [SIM-utils-72] Using boost library from 'C:/Xilinx/Vivado/2024.2/tps/boost_1_72_0'
INFO: [SIM-utils-54] Inspecting design source files for 'ripple_adder_tb' in fileset 'sim_1'...
INFO: [USF-XSim-97] Finding global include files...
INFO: [USF-XSim-98] Fetching design files from 'sim_1'...
INFO: [USF-XSim-2] XSim::Compile design
INFO: [USF-XSim-61] Executing 'COMPILE and ANALYZE' step in 'C:/Users/C28Noah.Marino/Documents/ECE/ece281-ice3/ripple_adder.sim/sim_1/behav/xsim'
"xvhdl --incr --relax -prj ripple_adder_tb_vhdl.prj"
INFO: [USF-XSim-69] 'compile' step finished in '3' seconds
INFO: [USF-XSim-3] XSim::Elaborate design
INFO: [USF-XSim-61] Executing 'ELABORATE' step in 'C:/Users/C28Noah.Marino/Documents/ECE/ece281-ice3/ripple_adder.sim/sim_1/behav/xsim'
"xelab --incr --debug typical --relax --mt 2 -L xil_defaultlib -L secureip --snapshot ripple_adder_tb_behav xil_defaultlib.ripple_adder_tb -log elaborate.log"
Vivado Simulator v2024.2.0
Copyright 1986-2022 Xilinx, Inc. All Rights Reserved.
Copyright 2022-2024 Advanced Micro Devices, Inc. All Rights Reserved.
Running: C:/Xilinx/Vivado/2024.2/bin/unwrapped/win64.o/xelab.exe --incr --debug typical --relax --mt 2 -L xil_defaultlib -L secureip --snapshot ripple_adder_tb_behav xil_defaultlib.ripple_adder_tb -log elaborate.log 
Using 2 slave threads.
Starting static elaboration
ERROR: [VRFC 10-666] expression has 4 elements; expected 8 [C:/Users/C28Noah.Marino/Documents/ECE/ece281-ice3/src/ripple_adder_tb.vhd:55]
ERROR: [XSIM 43-3321] Static elaboration of top level VHDL design unit ripple_adder_tb in library work failed.
INFO: [USF-XSim-69] 'elaborate' step finished in '3' seconds
INFO: [USF-XSim-99] Step results log file:'C:/Users/C28Noah.Marino/Documents/ECE/ece281-ice3/ripple_adder.sim/sim_1/behav/xsim/elaborate.log'
ERROR: [USF-XSim-62] 'elaborate' step failed with error(s). Please check the Tcl console output or 'C:/Users/C28Noah.Marino/Documents/ECE/ece281-ice3/ripple_adder.sim/sim_1/behav/xsim/elaborate.log' file for more information.
ERROR: [Vivado 12-4473] Detected error while running simulation. Please correct the issue and retry this operation.
launch_simulation: Time (s): cpu = 00:00:00 ; elapsed = 00:00:05 . Memory (MB): peak = 1141.176 ; gain = 0.000
ERROR: [Common 17-39] 'launch_simulation' failed due to earlier errors.
WARNING: [filemgmt 56-199] Attempt to get parsing info during refresh. "On-the-fly" syntax checking information may be incorrect. [C:\Users\C28Noah.Marino\Documents\ECE\ece281-ice3\src\ripple_adder.vhd:]
WARNING: [filemgmt 56-199] Attempt to get parsing info during refresh. "On-the-fly" syntax checking information may be incorrect. [C:\Users\C28Noah.Marino\Documents\ECE\ece281-ice3\src\ripple_adder_tb.vhd:]
WARNING: [filemgmt 56-199] Attempt to get parsing info during refresh. "On-the-fly" syntax checking information may be incorrect. [C:\Users\C28Noah.Marino\Documents\ECE\ece281-ice3\src\ripple_adder_tb.vhd:]
WARNING: [filemgmt 56-199] Attempt to get parsing info during refresh. "On-the-fly" syntax checking information may be incorrect. [C:\Users\C28Noah.Marino\Documents\ECE\ece281-ice3\src\ripple_adder_tb.vhd:]
launch_simulation
Command: launch_simulation 
INFO: [Vivado 12-12493] Simulation top is 'ripple_adder_tb'
WARNING: [Vivado 12-13340] Unable to auto find GCC executables from simulator install path! (path not set)
INFO: [Vivado 12-5682] Launching behavioral simulation in 'C:/Users/C28Noah.Marino/Documents/ECE/ece281-ice3/ripple_adder.sim/sim_1/behav/xsim'
INFO: [SIM-utils-51] Simulation object is 'sim_1'
INFO: [SIM-utils-72] Using boost library from 'C:/Xilinx/Vivado/2024.2/tps/boost_1_72_0'
INFO: [SIM-utils-54] Inspecting design source files for 'ripple_adder_tb' in fileset 'sim_1'...
INFO: [USF-XSim-97] Finding global include files...
INFO: [USF-XSim-98] Fetching design files from 'sim_1'...
INFO: [USF-XSim-2] XSim::Compile design
INFO: [USF-XSim-61] Executing 'COMPILE and ANALYZE' step in 'C:/Users/C28Noah.Marino/Documents/ECE/ece281-ice3/ripple_adder.sim/sim_1/behav/xsim'
ERROR: [Common 17-180] Spawn failed: No error
"xvhdl --incr --relax -prj ripple_adder_tb_vhdl.prj"
INFO: [VRFC 10-163] Analyzing VHDL file "C:/Users/C28Noah.Marino/Documents/ECE/ece281-ice3/src/ripple_adder_tb.vhd" into library xil_defaultlib
INFO: [VRFC 10-3107] analyzing entity 'ripple_adder_tb'
INFO: [USF-XSim-69] 'compile' step finished in '2' seconds
ERROR: [USF-XSim-62] 'compile' step failed with error(s) while executing 'C:/Users/C28Noah.Marino/Documents/ECE/ece281-ice3/ripple_adder.sim/sim_1/behav/xsim/compile.bat' script. Please check that the file has the correct 'read/write/execute' permissions and the Tcl console output for any other possible errors or warnings.
ERROR: [Vivado 12-4473] Detected error while running simulation. Please correct the issue and retry this operation.
ERROR: [Common 17-39] 'launch_simulation' failed due to earlier errors.
exit
INFO: [Common 17-206] Exiting Vivado at Fri Feb  6 20:15:04 2026...
